<?xml version="1.0" encoding="UTF-8"?>
<!-- Generated by org.testng.reporters.JUnitReportReporter -->
<testsuite skipped="0" hostname="msi-l1232" name="com.metricstream.scripts.TestLogin" tests="1" failures="0" timestamp="03 Dec 2017 06:41:06 GMT" time="15.036" errors="0">
  <testcase name="testlogin" time="15.036" classname="com.metricstream.scripts.TestLogin"/>
</testsuite> <!-- com.metricstream.scripts.TestLogin -->
